2023-05-01 02:16:03,755 INFO configure.py:39 - eising@sipgate.de requested username:admindda
2023-05-01 21:40:59,118 INFO __init__.py:45 - Created Database!
2023-05-01 21:40:59,459 INFO __init__.py:45 - Created Database!
2023-05-01 21:41:48,233 INFO auth.py:61 - User ulfdickhammer@g.de registered
2023-05-01 21:42:56,837 INFO __init__.py:45 - Created Database!
2023-05-01 21:42:58,282 INFO __init__.py:45 - Created Database!
2023-05-01 21:42:59,701 INFO __init__.py:45 - Created Database!
2023-05-01 21:43:03,400 INFO auth.py:34 - User ulfdickhammer@g.de logged out
2023-05-01 21:43:22,347 INFO __init__.py:45 - Created Database!
2023-05-01 21:43:23,824 INFO __init__.py:45 - Created Database!
2023-05-01 21:44:16,691 INFO __init__.py:45 - Created Database!
2023-05-01 21:44:27,192 INFO __init__.py:45 - Created Database!
2023-05-01 21:44:31,654 INFO __init__.py:45 - Created Database!
2023-05-01 21:44:40,177 INFO __init__.py:45 - Created Database!
2023-05-01 21:44:41,611 INFO __init__.py:45 - Created Database!
2023-05-01 21:44:43,088 INFO __init__.py:45 - Created Database!
2023-05-01 21:44:50,588 INFO __init__.py:45 - Created Database!
2023-05-01 21:44:53,037 INFO __init__.py:45 - Created Database!
2023-05-01 21:44:54,491 INFO __init__.py:45 - Created Database!
2023-05-01 21:45:03,974 INFO __init__.py:45 - Created Database!
2023-05-01 21:45:06,422 INFO __init__.py:45 - Created Database!
2023-05-01 21:45:07,847 INFO __init__.py:45 - Created Database!
2023-05-01 21:45:16,382 INFO __init__.py:45 - Created Database!
2023-05-01 21:45:27,264 INFO __init__.py:45 - Created Database!
2023-05-01 21:45:27,619 INFO __init__.py:45 - Created Database!2023-05-01 21:45:40,319 INFO auth.py:23 - User ulfdickhammer@g.de login
2023-05-01 21:45:46,192 INFO auth.py:34 - User ulfdickhammer@g.de logout
2023-05-01 21:45:52,664 INFO auth.py:23 - User ulfdickhammer@g.de login
2023-05-01 21:51:08,617 INFO __init__.py:45 - Created Database!
2023-05-01 21:54:44,728 INFO __init__.py:45 - Created Database!
2023-05-01 21:54:57,299 INFO __init__.py:45 - Created Database!
2023-05-01 21:55:52,270 INFO __init__.py:45 - Created Database!
2023-05-01 21:55:52,614 INFO __init__.py:45 - Created Database!
2023-05-02 20:35:42,653 INFO __init__.py:45 - Created Database!
2023-05-02 20:35:43,074 INFO __init__.py:45 - Created Database!
2023-05-02 20:38:27,949 INFO configure.py:39 - ulfdickhammer@g.de requested username:dadad
2023-05-02 20:38:33,075 INFO configure.py:39 - ulfdickhammer@g.de requested username:matthis.eysing@googlemail.com
2023-05-02 20:41:35,728 INFO auth.py:61 - User Eising@sipgate.de1 registered
2023-05-02 20:41:35,732 INFO auth.py:64 - User Eising@sipgate.de1 login
2023-05-02 20:41:47,514 INFO configure.py:39 - Eising@sipgate.de1 requested username:Heinrich
2023-05-02 20:41:51,008 INFO configure.py:39 - Eising@sipgate.de1 requested username:Ben
2023-05-02 20:41:55,012 INFO configure.py:39 - Eising@sipgate.de1 requested username:Gerry
2023-05-02 20:42:51,644 INFO configure.py:39 - ulfdickhammer@g.de requested username:gerry
2023-05-02 20:42:55,313 INFO configure.py:39 - ulfdickhammer@g.de requested username:derksen
2023-05-02 20:42:57,810 INFO configure.py:39 - ulfdickhammer@g.de requested username:heinrich
2023-05-02 20:43:00,424 INFO configure.py:39 - ulfdickhammer@g.de requested username:johnny
2023-05-02 20:43:02,932 INFO configure.py:39 - ulfdickhammer@g.de requested username:ben
2023-05-02 21:05:21,918 INFO __init__.py:45 - Created Database!
2023-05-02 21:05:22,256 INFO __init__.py:45 - Created Database!
2023-05-02 21:52:11,468 INFO __init__.py:45 - Created Database!
2023-05-02 22:07:58,501 INFO __init__.py:45 - Created Database!
2023-05-02 22:08:09,018 INFO __init__.py:45 - Created Database!
2023-05-02 22:08:16,949 INFO __init__.py:45 - Created Database!
2023-05-02 22:08:17,317 INFO __init__.py:45 - Created Database!
2023-05-02 22:09:15,194 INFO __init__.py:45 - Created Database!
2023-05-02 22:10:27,192 INFO __init__.py:45 - Created Database!
2023-05-02 22:10:38,732 INFO __init__.py:45 - Created Database!
2023-05-02 22:10:50,269 INFO __init__.py:45 - Created Database!
2023-05-02 22:10:51,709 INFO __init__.py:45 - Created Database!
2023-05-02 22:15:59,563 INFO __init__.py:45 - Created Database!
2023-05-02 22:16:31,285 INFO __init__.py:45 - Created Database!
2023-05-02 22:16:47,862 INFO __init__.py:45 - Created Database!
2023-05-02 22:16:51,378 INFO __init__.py:45 - Created Database!
2023-05-02 22:18:51,779 INFO __init__.py:45 - Created Database!
2023-05-02 23:57:13,447 INFO __init__.py:45 - Created Database!
2023-05-03 01:23:12,782 INFO __init__.py:45 - Created Database!
2023-05-03 01:24:44,971 INFO __init__.py:45 - Created Database!
2023-05-03 01:24:46,462 INFO __init__.py:45 - Created Database!
2023-05-03 01:25:40,693 INFO __init__.py:45 - Created Database!
2023-05-03 01:25:41,120 INFO __init__.py:45 - Created Database!
2023-05-03 01:26:11,066 INFO auth.py:61 - User eising@sipgate.de registered
2023-05-03 01:26:11,068 INFO auth.py:64 - User eising@sipgate.de login
2023-05-03 01:26:43,101 INFO configure.py:39 - eising@sipgate.de requested username:heinrich
2023-05-03 01:26:46,057 INFO configure.py:39 - eising@sipgate.de requested username:derksi
2023-05-03 01:26:48,519 INFO configure.py:39 - eising@sipgate.de requested username:benno
2023-05-03 01:45:15,560 INFO auth.py:23 - User eising@sipgate.de login
2023-05-10 21:09:40,146 INFO __init__.py:45 - Created Database!
2023-05-10 21:09:40,585 INFO __init__.py:45 - Created Database!
2023-05-10 21:10:13,309 INFO auth.py:23 - User eising@sipgate.de login
2023-05-10 21:32:56,161 INFO __init__.py:45 - Created Database!
2023-05-10 21:32:56,524 INFO __init__.py:45 - Created Database!
2023-05-10 21:33:00,058 INFO auth.py:35 - User eising@sipgate.de logout
2023-05-10 21:33:10,556 INFO auth.py:63 - Create initial Penalties for User matthis.eising@googlemail.com
2023-05-10 21:33:10,556 INFO auth.py:64 - User matthis.eising@googlemail.com registered
2023-05-10 21:33:10,557 INFO auth.py:67 - User matthis.eising@googlemail.com login
2023-05-10 21:33:45,330 INFO __init__.py:45 - Created Database!
2023-05-10 21:33:55,897 INFO __init__.py:45 - Created Database!
2023-05-10 21:33:57,655 INFO auth.py:35 - User matthis.eising@googlemail.com logout
2023-05-10 21:34:04,088 INFO auth.py:63 - Create initial Penalties for User matthis.eising1@googlemail.com
2023-05-10 21:34:04,088 INFO auth.py:64 - User matthis.eising1@googlemail.com registered
2023-05-10 21:34:04,090 INFO auth.py:67 - User matthis.eising1@googlemail.com login
2023-05-10 21:35:39,843 INFO configure.py:39 - matthis.eising1@googlemail.com requested username:ben
2023-05-10 21:35:41,636 INFO configure.py:39 - matthis.eising1@googlemail.com requested username:heinrich
2023-05-10 21:35:44,490 INFO configure.py:39 - matthis.eising1@googlemail.com requested username:derksen
2023-05-10 21:45:28,831 INFO __init__.py:45 - Created Database!
2023-05-10 21:45:29,211 INFO __init__.py:45 - Created Database!
2023-05-10 21:45:32,329 INFO auth.py:35 - User matthis.eising1@googlemail.com logout
2023-05-10 21:45:41,933 INFO auth.py:63 - Create initial Penalties for User matthis.eysing1@googlemail.com
2023-05-10 21:45:41,933 INFO auth.py:64 - User matthis.eysing1@googlemail.com registered
2023-05-10 21:45:41,934 INFO auth.py:67 - User matthis.eysing1@googlemail.com login
2023-05-10 21:47:39,687 INFO __init__.py:45 - Created Database!
2023-05-10 21:55:03,153 INFO configure.py:39 - matthis.eysing1@googlemail.com requested username:heinrich
2023-05-10 21:55:06,184 INFO configure.py:39 - matthis.eysing1@googlemail.com requested username:ben
2023-05-22 23:29:28,479 INFO __init__.py:45 - Created Database!
2023-05-22 23:29:28,880 INFO __init__.py:45 - Created Database!
2023-05-22 23:30:11,135 INFO __init__.py:45 - Created Database!
2023-05-22 23:30:11,508 INFO __init__.py:45 - Created Database!
2023-05-26 15:41:50,424 INFO __init__.py:45 - Created Database!
2023-05-26 15:41:50,612 INFO __init__.py:45 - Created Database!
2023-05-26 15:47:16,301 INFO __init__.py:45 - Created Database!
2023-05-26 15:47:34,645 INFO __init__.py:45 - Created Database!
2023-05-26 15:47:36,891 INFO __init__.py:45 - Created Database!
2023-05-26 15:47:46,173 INFO __init__.py:45 - Created Database!
2023-05-26 15:47:51,472 INFO __init__.py:45 - Created Database!
2023-05-26 15:47:56,738 INFO __init__.py:45 - Created Database!
2023-05-26 15:48:01,008 INFO __init__.py:45 - Created Database!
2023-05-26 15:48:17,343 INFO __init__.py:45 - Created Database!
2023-05-26 15:48:25,630 INFO __init__.py:45 - Created Database!
2023-05-26 15:48:42,962 INFO __init__.py:45 - Created Database!
2023-05-26 15:48:48,222 INFO __init__.py:45 - Created Database!
2023-05-26 15:48:49,468 INFO __init__.py:45 - Created Database!
2023-05-26 15:49:02,792 INFO __init__.py:45 - Created Database!
2023-05-26 15:49:10,086 INFO __init__.py:45 - Created Database!
2023-05-26 15:49:13,345 INFO __init__.py:45 - Created Database!
2023-05-26 15:49:16,607 INFO __init__.py:45 - Created Database!
2023-05-26 15:49:29,951 INFO __init__.py:45 - Created Database!
2023-05-26 15:50:16,414 INFO __init__.py:45 - Created Database!
2023-05-26 15:51:07,904 INFO __init__.py:45 - Created Database!
2023-05-26 15:51:09,180 INFO __init__.py:45 - Created Database!
2023-05-26 16:02:06,636 INFO __init__.py:45 - Created Database!
2023-05-26 16:02:06,830 INFO __init__.py:45 - Created Database!
2023-05-28 12:50:24,746 INFO __init__.py:45 - Created Database!
2023-05-28 12:50:24,937 INFO __init__.py:45 - Created Database!
2023-06-11 13:57:02,380 INFO __init__.py:45 - Created Database!
2023-06-11 13:57:02,583 INFO __init__.py:45 - Created Database!
2023-06-11 13:57:16,678 DEBUG models.py:80 - Set avatar_index to None
2023-06-11 13:57:16,680 INFO auth.py:43 - Create initial Penalties for User eising@sipgate.de
2023-06-11 13:57:16,680 INFO auth.py:44 - User eising@sipgate.de registered
2023-06-11 13:57:16,681 INFO auth.py:47 - User eising@sipgate.de login
2023-06-11 14:00:32,713 INFO auth.py:62 - User eising@sipgate.de login
2023-06-11 14:22:17,634 INFO __init__.py:45 - Created Database!
2023-06-11 14:25:06,106 INFO __init__.py:45 - Created Database!
2023-06-11 14:25:06,324 INFO __init__.py:45 - Created Database!
2023-06-11 16:08:14,908 INFO __init__.py:45 - Created Database!
2023-06-11 16:08:15,128 INFO __init__.py:45 - Created Database!
2023-06-11 16:08:47,580 INFO __init__.py:45 - Created Database!
2023-06-11 16:08:49,948 INFO __init__.py:45 - Created Database!
2023-06-11 16:08:51,258 INFO __init__.py:45 - Created Database!
2023-06-11 16:08:54,291 DEBUG configure.py:141 - Received inverted checkbox input: None
2023-06-11 16:09:10,630 DEBUG configure.py:141 - Received inverted checkbox input: None
2023-06-11 16:11:30,508 DEBUG configure.py:141 - Received inverted checkbox input: None
2023-06-11 16:13:49,850 INFO __init__.py:45 - Created Database!
2023-06-11 16:13:54,262 INFO __init__.py:45 - Created Database!
2023-06-11 16:13:55,569 INFO __init__.py:45 - Created Database!
2023-06-11 16:14:09,389 DEBUG configure.py:141 - Received inverted checkbox input: None
2023-06-11 16:14:20,083 INFO __init__.py:45 - Created Database!
2023-06-11 16:14:26,417 INFO __init__.py:45 - Created Database!
2023-06-11 16:14:34,958 DEBUG configure.py:141 - Received inverted checkbox input: on
2023-06-11 16:50:30,957 INFO __init__.py:45 - Created Database!
2023-06-11 16:50:31,171 INFO __init__.py:45 - Created Database!
2023-06-11 16:51:09,729 INFO __init__.py:45 - Created Database!
2023-06-11 16:52:20,378 INFO __init__.py:45 - Created Database!
2023-06-11 16:53:51,558 DEBUG models.py:82 - Set avatar_index to None
2023-06-11 16:53:51,561 INFO auth.py:43 - Create initial Penalties for User eising@sipgate.de
2023-06-11 16:53:51,562 INFO auth.py:44 - User eising@sipgate.de registered
2023-06-11 16:53:51,562 INFO auth.py:47 - User eising@sipgate.de login
2023-06-11 16:54:08,160 INFO __init__.py:45 - Created Database!
2023-06-11 16:54:16,544 INFO __init__.py:45 - Created Database!
2023-06-11 16:54:19,876 INFO __init__.py:45 - Created Database!
2023-06-11 16:54:32,216 INFO __init__.py:45 - Created Database!
2023-06-11 16:54:34,501 INFO __init__.py:45 - Created Database!
2023-06-11 16:54:38,849 INFO __init__.py:45 - Created Database!
2023-06-11 16:54:49,192 INFO __init__.py:45 - Created Database!
2023-06-11 16:54:51,463 INFO __init__.py:45 - Created Database!
2023-06-11 16:54:57,835 INFO __init__.py:45 - Created Database!
2023-06-11 16:55:07,239 INFO __init__.py:45 - Created Database!
2023-06-11 16:55:08,513 INFO __init__.py:45 - Created Database!
2023-06-11 16:55:12,644 DEBUG views.py:40 - Length of all saved_games for user eising@sipgate.de is 0
2023-06-11 16:55:17,866 INFO configure.py:40 - eising@sipgate.de requested username:Derksen
2023-06-11 16:55:17,867 DEBUG models.py:82 - Set avatar_index to None
2023-06-11 16:55:20,741 INFO configure.py:40 - eising@sipgate.de requested username:admin
2023-06-11 16:55:20,742 DEBUG models.py:82 - Set avatar_index to None
2023-06-11 16:55:23,208 DEBUG views.py:40 - Length of all saved_games for user eising@sipgate.de is 0
2023-06-11 16:55:25,690 INFO views.py:58 - Game Status for user eising@sipgate.de is GameStatus.active
2023-06-11 16:55:39,858 DEBUG configure.py:214 - Quantity Update from user eising@sipgate.de, retrieved penalty_id: 4, participant_id: 1,action: add and game_id 1
2023-06-11 16:55:39,861 DEBUG configure.py:187 - total_fine for participant 1 has been updated to 0.4
2023-06-11 16:55:39,861 DEBUG configure.py:187 - total_fine for participant 2 has been updated to 0.4
2023-06-11 16:55:39,861 DEBUG configure.py:187 - total_fine for participant 3 has been updated to 0.4
2023-06-11 16:55:40,599 DEBUG configure.py:214 - Quantity Update from user eising@sipgate.de, retrieved penalty_id: 4, participant_id: 1,action: add and game_id 1
2023-06-11 16:55:40,600 DEBUG configure.py:187 - total_fine for participant 1 has been updated to 0.4
2023-06-11 16:55:40,600 DEBUG configure.py:187 - total_fine for participant 2 has been updated to 0.4
2023-06-11 16:55:40,600 DEBUG configure.py:187 - total_fine for participant 3 has been updated to 0.4
2023-06-11 16:55:40,766 DEBUG configure.py:214 - Quantity Update from user eising@sipgate.de, retrieved penalty_id: 4, participant_id: 1,action: add and game_id 1
2023-06-11 16:55:40,768 DEBUG configure.py:187 - total_fine for participant 1 has been updated to 0.4
2023-06-11 16:55:40,768 DEBUG configure.py:187 - total_fine for participant 2 has been updated to 0.4
2023-06-11 16:55:40,768 DEBUG configure.py:187 - total_fine for participant 3 has been updated to 0.4
2023-06-11 16:55:58,259 DEBUG configure.py:214 - Quantity Update from user eising@sipgate.de, retrieved penalty_id: 4, participant_id: 2,action: add and game_id 1
2023-06-11 16:55:58,260 DEBUG configure.py:187 - total_fine for participant 1 has been updated to 0.4
2023-06-11 16:55:58,260 DEBUG configure.py:187 - total_fine for participant 2 has been updated to 0.4
2023-06-11 16:55:58,261 DEBUG configure.py:187 - total_fine for participant 3 has been updated to 0.4
2023-06-11 16:55:58,425 DEBUG configure.py:214 - Quantity Update from user eising@sipgate.de, retrieved penalty_id: 4, participant_id: 2,action: add and game_id 1
2023-06-11 16:55:58,427 DEBUG configure.py:187 - total_fine for participant 1 has been updated to 0.4
2023-06-11 16:55:58,427 DEBUG configure.py:187 - total_fine for participant 2 has been updated to 0.4
2023-06-11 16:55:58,427 DEBUG configure.py:187 - total_fine for participant 3 has been updated to 0.4
2023-06-11 16:55:58,591 DEBUG configure.py:214 - Quantity Update from user eising@sipgate.de, retrieved penalty_id: 4, participant_id: 2,action: add and game_id 1
2023-06-11 16:55:58,592 DEBUG configure.py:187 - total_fine for participant 1 has been updated to 0.4
2023-06-11 16:55:58,592 DEBUG configure.py:187 - total_fine for participant 2 has been updated to 0.4
2023-06-11 16:55:58,592 DEBUG configure.py:187 - total_fine for participant 3 has been updated to 0.4
2023-06-11 16:56:00,897 DEBUG configure.py:214 - Quantity Update from user eising@sipgate.de, retrieved penalty_id: 3, participant_id: 2,action: add and game_id 1
2023-06-11 16:56:01,307 DEBUG configure.py:214 - Quantity Update from user eising@sipgate.de, retrieved penalty_id: 3, participant_id: 2,action: add and game_id 1
2023-06-11 16:56:01,546 DEBUG configure.py:214 - Quantity Update from user eising@sipgate.de, retrieved penalty_id: 3, participant_id: 2,action: add and game_id 1
2023-06-11 16:56:01,715 DEBUG configure.py:214 - Quantity Update from user eising@sipgate.de, retrieved penalty_id: 3, participant_id: 2,action: add and game_id 1
2023-06-11 16:57:30,509 INFO __init__.py:45 - Created Database!
2023-06-11 16:57:36,861 INFO __init__.py:45 - Created Database!
2023-06-11 16:57:57,673 INFO __init__.py:45 - Created Database!
2023-06-11 16:57:57,875 INFO __init__.py:45 - Created Database!
2023-06-11 16:57:59,358 INFO views.py:58 - Game Status for user eising@sipgate.de is GameStatus.active
2023-06-11 16:58:02,096 DEBUG configure.py:214 - Quantity Update from user eising@sipgate.de, retrieved penalty_id: 1, participant_id: 1,action: add and game_id 1
2023-06-11 16:58:02,365 DEBUG configure.py:214 - Quantity Update from user eising@sipgate.de, retrieved penalty_id: 1, participant_id: 1,action: add and game_id 1
2023-06-11 16:58:02,533 DEBUG configure.py:214 - Quantity Update from user eising@sipgate.de, retrieved penalty_id: 1, participant_id: 1,action: add and game_id 1
2023-06-11 16:58:03,889 DEBUG configure.py:214 - Quantity Update from user eising@sipgate.de, retrieved penalty_id: 4, participant_id: 1,action: add and game_id 1
2023-06-11 16:58:14,405 INFO __init__.py:45 - Created Database!
2023-06-11 16:58:15,678 INFO __init__.py:45 - Created Database!
2023-06-11 16:58:17,204 INFO views.py:58 - Game Status for user eising@sipgate.de is GameStatus.active
2023-06-11 16:58:20,342 DEBUG configure.py:214 - Quantity Update from user eising@sipgate.de, retrieved penalty_id: 1, participant_id: 2,action: add and game_id 1
2023-06-11 16:58:20,345 DEBUG configure.py:219 - This is the whole target_penaltyRecordEntity check where the invert bool is: <PenaltyRecordEntity 5>
2023-06-11 16:58:20,509 DEBUG configure.py:214 - Quantity Update from user eising@sipgate.de, retrieved penalty_id: 1, participant_id: 2,action: add and game_id 1
2023-06-11 16:58:20,510 DEBUG configure.py:219 - This is the whole target_penaltyRecordEntity check where the invert bool is: <PenaltyRecordEntity 5>
2023-06-11 16:58:20,686 DEBUG configure.py:214 - Quantity Update from user eising@sipgate.de, retrieved penalty_id: 1, participant_id: 2,action: add and game_id 1
2023-06-11 16:58:20,686 DEBUG configure.py:219 - This is the whole target_penaltyRecordEntity check where the invert bool is: <PenaltyRecordEntity 5>
2023-06-11 16:58:20,826 DEBUG configure.py:214 - Quantity Update from user eising@sipgate.de, retrieved penalty_id: 1, participant_id: 2,action: add and game_id 1
2023-06-11 16:58:20,827 DEBUG configure.py:219 - This is the whole target_penaltyRecordEntity check where the invert bool is: <PenaltyRecordEntity 5>
2023-06-11 16:58:58,568 INFO __init__.py:45 - Created Database!
2023-06-11 16:58:58,779 INFO __init__.py:45 - Created Database!
2023-06-11 16:59:02,288 INFO views.py:58 - Game Status for user eising@sipgate.de is GameStatus.active
2023-06-11 16:59:04,706 DEBUG configure.py:214 - Quantity Update from user eising@sipgate.de, retrieved penalty_id: 1, participant_id: 2,action: add and game_id 1
2023-06-11 16:59:04,709 DEBUG configure.py:219 - This is the whole target_penaltyRecordEntity check where the invert bool is: ['__abstract__', '__annotations__', '__class__', '__delattr__', '__dict__', '__dir__', '__doc__', '__eq__', '__format__', '__fsa__', '__ge__', '__getattribute__', '__gt__', '__hash__', '__init__', '__init_subclass__', '__le__', '__lt__', '__mapper__', '__module__', '__ne__', '__new__', '__reduce__', '__reduce_ex__', '__repr__', '__setattr__', '__sizeof__', '__str__', '__subclasshook__', '__table__', '__tablename__', '__weakref__', '_sa_class_manager', '_sa_instance_state', '_sa_registry', 'date_created', 'game_id', 'id', 'metadata', 'participant', 'participant_id', 'penalty', 'penalty_id', 'quantity', 'query', 'query_class', 'registry']
2023-06-11 16:59:05,035 DEBUG configure.py:214 - Quantity Update from user eising@sipgate.de, retrieved penalty_id: 1, participant_id: 2,action: add and game_id 1
2023-06-11 16:59:05,036 DEBUG configure.py:219 - This is the whole target_penaltyRecordEntity check where the invert bool is: ['__abstract__', '__annotations__', '__class__', '__delattr__', '__dict__', '__dir__', '__doc__', '__eq__', '__format__', '__fsa__', '__ge__', '__getattribute__', '__gt__', '__hash__', '__init__', '__init_subclass__', '__le__', '__lt__', '__mapper__', '__module__', '__ne__', '__new__', '__reduce__', '__reduce_ex__', '__repr__', '__setattr__', '__sizeof__', '__str__', '__subclasshook__', '__table__', '__tablename__', '__weakref__', '_sa_class_manager', '_sa_instance_state', '_sa_registry', 'date_created', 'game_id', 'id', 'metadata', 'participant', 'participant_id', 'penalty', 'penalty_id', 'quantity', 'query', 'query_class', 'registry']
2023-06-11 16:59:20,275 INFO __init__.py:45 - Created Database!
2023-06-11 16:59:21,905 DEBUG configure.py:214 - Quantity Update from user eising@sipgate.de, retrieved penalty_id: 1, participant_id: 2,action: add and game_id 1
2023-06-11 16:59:21,908 DEBUG configure.py:219 - This is the whole target_penaltyRecordEntity check where the invert bool is: ['__abstract__', '__annotations__', '__class__', '__delattr__', '__dict__', '__dir__', '__doc__', '__eq__', '__format__', '__fsa__', '__ge__', '__getattribute__', '__gt__', '__hash__', '__init__', '__init_subclass__', '__le__', '__lt__', '__mapper__', '__module__', '__ne__', '__new__', '__reduce__', '__reduce_ex__', '__repr__', '__setattr__', '__sizeof__', '__str__', '__subclasshook__', '__table__', '__tablename__', '__weakref__', '_sa_class_manager', '_sa_instance_state', '_sa_registry', 'id', 'invert', 'metadata', 'pay_amount', 'query', 'query_class', 'registry', 'title', 'user_id']
2023-06-11 16:59:22,050 DEBUG configure.py:214 - Quantity Update from user eising@sipgate.de, retrieved penalty_id: 1, participant_id: 2,action: add and game_id 1
2023-06-11 16:59:22,051 DEBUG configure.py:219 - This is the whole target_penaltyRecordEntity check where the invert bool is: ['__abstract__', '__annotations__', '__class__', '__delattr__', '__dict__', '__dir__', '__doc__', '__eq__', '__format__', '__fsa__', '__ge__', '__getattribute__', '__gt__', '__hash__', '__init__', '__init_subclass__', '__le__', '__lt__', '__mapper__', '__module__', '__ne__', '__new__', '__reduce__', '__reduce_ex__', '__repr__', '__setattr__', '__sizeof__', '__str__', '__subclasshook__', '__table__', '__tablename__', '__weakref__', '_sa_class_manager', '_sa_instance_state', '_sa_registry', 'id', 'invert', 'metadata', 'pay_amount', 'query', 'query_class', 'registry', 'title', 'user_id']
2023-06-11 16:59:38,345 INFO __init__.py:45 - Created Database!
2023-06-11 16:59:38,552 INFO __init__.py:45 - Created Database!
2023-06-11 16:59:40,745 INFO views.py:58 - Game Status for user eising@sipgate.de is GameStatus.active
2023-06-11 16:59:49,866 DEBUG configure.py:214 - Quantity Update from user eising@sipgate.de, retrieved penalty_id: 1, participant_id: 2,action: add and game_id 1
2023-06-11 16:59:49,869 DEBUG configure.py:219 - This is the whole target_penaltyRecordEntity check where the invert bool is: False
2023-06-11 16:59:50,186 DEBUG configure.py:214 - Quantity Update from user eising@sipgate.de, retrieved penalty_id: 1, participant_id: 2,action: add and game_id 1
2023-06-11 16:59:50,187 DEBUG configure.py:219 - This is the whole target_penaltyRecordEntity check where the invert bool is: False
2023-06-11 17:00:42,182 INFO __init__.py:45 - Created Database!
2023-06-11 17:00:49,643 INFO __init__.py:45 - Created Database!
2023-06-11 17:00:55,166 INFO views.py:58 - Game Status for user eising@sipgate.de is GameStatus.active
2023-06-11 17:00:58,899 DEBUG configure.py:214 - Quantity Update from user eising@sipgate.de, retrieved penalty_id: 1, participant_id: 2,action: add and game_id 1
2023-06-11 17:00:58,901 DEBUG configure.py:219 - This is the whole target_penaltyRecordEntity check where the invert bool is: False
2023-06-11 17:00:58,901 DEBUG configure.py:227 - Gesamtbetrag fuer eising@sipgate.de auf 0.4 geaendert
2023-06-11 17:00:58,916 INFO views.py:58 - Game Status for user eising@sipgate.de is GameStatus.active
2023-06-11 17:01:01,833 DEBUG configure.py:214 - Quantity Update from user eising@sipgate.de, retrieved penalty_id: 4, participant_id: 2,action: add and game_id 1
2023-06-11 17:01:01,834 DEBUG configure.py:219 - This is the whole target_penaltyRecordEntity check where the invert bool is: True
2023-06-11 17:01:01,835 DEBUG configure.py:187 - total_fine for participant 1 has been updated to 0.4
2023-06-11 17:01:01,835 DEBUG configure.py:187 - total_fine for participant 2 has been updated to 0.8
2023-06-11 17:01:01,835 DEBUG configure.py:187 - total_fine for participant 3 has been updated to 0.4
2023-06-11 17:01:02,599 DEBUG configure.py:214 - Quantity Update from user eising@sipgate.de, retrieved penalty_id: 4, participant_id: 2,action: add and game_id 1
2023-06-11 17:01:02,600 DEBUG configure.py:219 - This is the whole target_penaltyRecordEntity check where the invert bool is: True
2023-06-11 17:01:02,600 DEBUG configure.py:187 - total_fine for participant 1 has been updated to 0.4
2023-06-11 17:01:02,600 DEBUG configure.py:187 - total_fine for participant 2 has been updated to 0.8
2023-06-11 17:01:02,600 DEBUG configure.py:187 - total_fine for participant 3 has been updated to 0.4
2023-06-11 17:01:02,767 DEBUG configure.py:214 - Quantity Update from user eising@sipgate.de, retrieved penalty_id: 4, participant_id: 2,action: add and game_id 1
2023-06-11 17:01:02,768 DEBUG configure.py:219 - This is the whole target_penaltyRecordEntity check where the invert bool is: True
2023-06-11 17:01:02,769 DEBUG configure.py:187 - total_fine for participant 1 has been updated to 0.4
2023-06-11 17:01:02,769 DEBUG configure.py:187 - total_fine for participant 2 has been updated to 0.8
2023-06-11 17:01:02,769 DEBUG configure.py:187 - total_fine for participant 3 has been updated to 0.4
2023-06-11 17:06:48,455 INFO __init__.py:45 - Created Database!
2023-06-11 17:07:15,399 DEBUG configure.py:214 - Quantity Update from user eising@sipgate.de, retrieved penalty_id: 1, participant_id: 2,action: add and game_id 1
2023-06-11 17:07:15,403 DEBUG configure.py:219 - This is the whole target_penaltyRecordEntity check where the invert bool is: False
2023-06-11 17:07:15,403 DEBUG configure.py:227 - Gesamtbetrag fuer eising@sipgate.de auf 0.8 geaendert
2023-06-11 17:07:15,416 INFO views.py:58 - Game Status for user eising@sipgate.de is GameStatus.active
2023-06-11 17:07:15,832 DEBUG configure.py:214 - Quantity Update from user eising@sipgate.de, retrieved penalty_id: 1, participant_id: 2,action: add and game_id 1
2023-06-11 17:07:15,833 DEBUG configure.py:219 - This is the whole target_penaltyRecordEntity check where the invert bool is: False
2023-06-11 17:07:15,833 DEBUG configure.py:227 - Gesamtbetrag fuer eising@sipgate.de auf 1.2000000000000002 geaendert
2023-06-11 17:07:15,843 INFO views.py:58 - Game Status for user eising@sipgate.de is GameStatus.active
2023-06-11 17:07:17,412 DEBUG configure.py:214 - Quantity Update from user eising@sipgate.de, retrieved penalty_id: 4, participant_id: 2,action: add and game_id 1
2023-06-11 17:07:17,413 DEBUG configure.py:219 - This is the whole target_penaltyRecordEntity check where the invert bool is: True
2023-06-11 17:07:17,414 DEBUG configure.py:187 - total_fine for participant 1 has been updated to 0.4
2023-06-11 17:07:17,414 DEBUG configure.py:187 - total_fine for participant 2 has been updated to 1.6
2023-06-11 17:07:17,414 DEBUG configure.py:187 - total_fine for participant 3 has been updated to 0.4
2023-06-11 17:09:22,596 INFO __init__.py:45 - Created Database!
2023-06-11 17:09:34,941 INFO __init__.py:45 - Created Database!
2023-06-11 17:09:39,306 INFO __init__.py:45 - Created Database!
2023-06-11 17:09:42,419 INFO views.py:58 - Game Status for user eising@sipgate.de is GameStatus.active
2023-06-11 17:09:46,650 DEBUG configure.py:215 - Quantity Update from user eising@sipgate.de, retrieved penalty_id: 4, participant_id: 3,action: add and game_id 1
2023-06-11 17:09:46,652 DEBUG configure.py:220 - This is the whole target_penaltyRecordEntity check where the invert bool is: True
2023-06-11 17:09:46,653 DEBUG configure.py:188 - total_fine for participant 1 has been updated to 0.4
2023-06-11 17:09:46,653 DEBUG configure.py:188 - total_fine for participant 2 has been updated to 1.6
2023-06-11 17:09:46,653 DEBUG configure.py:188 - total_fine for participant 3 has been updated to 0.4
2023-06-11 17:09:46,662 DEBUG configure.py:227 - Gesamtbetrag fuer eising@sipgate.de auf 0.4 geaendert
2023-06-11 17:09:46,670 INFO views.py:58 - Game Status for user eising@sipgate.de is GameStatus.active
2023-06-11 17:10:06,937 DEBUG configure.py:215 - Quantity Update from user eising@sipgate.de, retrieved penalty_id: 4, participant_id: 3,action: add and game_id 1
2023-06-11 17:10:06,938 DEBUG configure.py:220 - This is the whole target_penaltyRecordEntity check where the invert bool is: True
2023-06-11 17:10:06,938 DEBUG configure.py:188 - total_fine for participant 1 has been updated to 0.8
2023-06-11 17:10:06,938 DEBUG configure.py:188 - total_fine for participant 2 has been updated to 2.0
2023-06-11 17:10:06,938 DEBUG configure.py:188 - total_fine for participant 3 has been updated to 0.8
2023-06-11 17:10:06,945 DEBUG configure.py:227 - Gesamtbetrag fuer eising@sipgate.de auf 0.8 geaendert
2023-06-11 17:10:06,952 INFO views.py:58 - Game Status for user eising@sipgate.de is GameStatus.active
2023-06-11 17:10:07,363 DEBUG configure.py:215 - Quantity Update from user eising@sipgate.de, retrieved penalty_id: 4, participant_id: 3,action: add and game_id 1
2023-06-11 17:10:07,364 DEBUG configure.py:220 - This is the whole target_penaltyRecordEntity check where the invert bool is: True
2023-06-11 17:10:07,364 DEBUG configure.py:188 - total_fine for participant 1 has been updated to 1.2000000000000002
2023-06-11 17:10:07,364 DEBUG configure.py:188 - total_fine for participant 2 has been updated to 2.4
2023-06-11 17:10:07,365 DEBUG configure.py:188 - total_fine for participant 3 has been updated to 1.2000000000000002
2023-06-11 17:10:07,372 DEBUG configure.py:227 - Gesamtbetrag fuer eising@sipgate.de auf 1.2000000000000002 geaendert
2023-06-11 17:10:07,380 INFO views.py:58 - Game Status for user eising@sipgate.de is GameStatus.active
2023-06-11 17:10:16,118 DEBUG configure.py:215 - Quantity Update from user eising@sipgate.de, retrieved penalty_id: 4, participant_id: 3,action: add and game_id 1
2023-06-11 17:10:16,120 DEBUG configure.py:220 - This is the whole target_penaltyRecordEntity check where the invert bool is: True
2023-06-11 17:10:16,120 DEBUG configure.py:188 - total_fine for participant 1 has been updated to 1.6
2023-06-11 17:10:16,121 DEBUG configure.py:188 - total_fine for participant 2 has been updated to 2.8
2023-06-11 17:10:16,121 DEBUG configure.py:188 - total_fine for participant 3 has been updated to 1.6
2023-06-11 17:10:16,127 DEBUG configure.py:227 - Gesamtbetrag fuer eising@sipgate.de auf 1.6 geaendert
2023-06-11 17:10:16,134 INFO views.py:58 - Game Status for user eising@sipgate.de is GameStatus.active
2023-06-11 17:10:16,307 DEBUG configure.py:215 - Quantity Update from user eising@sipgate.de, retrieved penalty_id: 4, participant_id: 3,action: add and game_id 1
2023-06-11 17:10:16,308 DEBUG configure.py:220 - This is the whole target_penaltyRecordEntity check where the invert bool is: True
2023-06-11 17:10:16,309 DEBUG configure.py:188 - total_fine for participant 1 has been updated to 2.0
2023-06-11 17:10:16,309 DEBUG configure.py:188 - total_fine for participant 2 has been updated to 3.1999999999999997
2023-06-11 17:10:16,309 DEBUG configure.py:188 - total_fine for participant 3 has been updated to 2.0
2023-06-11 17:10:16,317 DEBUG configure.py:227 - Gesamtbetrag fuer eising@sipgate.de auf 2.0 geaendert
2023-06-11 17:10:16,327 INFO views.py:58 - Game Status for user eising@sipgate.de is GameStatus.active
2023-06-11 17:10:16,564 DEBUG configure.py:215 - Quantity Update from user eising@sipgate.de, retrieved penalty_id: 4, participant_id: 3,action: add and game_id 1
2023-06-11 17:10:16,565 DEBUG configure.py:220 - This is the whole target_penaltyRecordEntity check where the invert bool is: True
2023-06-11 17:10:16,565 DEBUG configure.py:188 - total_fine for participant 1 has been updated to 2.4
2023-06-11 17:10:16,565 DEBUG configure.py:188 - total_fine for participant 2 has been updated to 3.5999999999999996
2023-06-11 17:10:16,565 DEBUG configure.py:188 - total_fine for participant 3 has been updated to 2.4
2023-06-11 17:10:16,574 DEBUG configure.py:227 - Gesamtbetrag fuer eising@sipgate.de auf 2.4 geaendert
2023-06-11 17:10:16,581 INFO views.py:58 - Game Status for user eising@sipgate.de is GameStatus.active
